# JRE version: Java(TM) SE Runtime Environment (8.0_161-b12) (build 1.8.0_161-b12)
# Java VM: Java HotSpot(TM) 64-Bit Server VM (25.161-b12 mixed mode windows-amd64 compressed oops)
Heap:
 PSYoungGen      total 474112K, used 306438K [0x00000000d5c00000, 0x00000000f7300000, 0x0000000100000000)
  eden space 452608K, 63% used [0x00000000d5c00000,0x00000000e75b2b38,0x00000000f1600000)
  from space 21504K, 83% used [0x00000000f1600000,0x00000000f278ee48,0x00000000f2b00000)
  to   space 23040K, 0% used [0x00000000f5c80000,0x00000000f5c80000,0x00000000f7300000)
 ParOldGen       total 159232K, used 44396K [0x0000000081400000, 0x000000008af80000, 0x00000000d5c00000)
  object space 159232K, 27% used [0x0000000081400000,0x0000000083f5b268,0x000000008af80000)
 Metaspace       used 66779K, capacity 70468K, committed 70656K, reserved 1110016K
  class space    used 8912K, capacity 9657K, committed 9728K, reserved 1048576K
GC Heap History (10 events):
Event: 1314.751 GC heap before
{Heap before GC invocations=19 (full 5):
 PSYoungGen      total 422912K, used 5635K [0x00000000d5c00000, 0x00000000f0e80000, 0x0000000100000000)
  eden space 400896K, 0% used [0x00000000d5c00000,0x00000000d5c00000,0x00000000ee380000)
  from space 22016K, 25% used [0x00000000ef900000,0x00000000efe80f78,0x00000000f0e80000)
  to   space 22016K, 0% used [0x00000000ee380000,0x00000000ee380000,0x00000000ef900000)
 ParOldGen       total 159232K, used 35549K [0x0000000081400000, 0x000000008af80000, 0x00000000d5c00000)
  object space 159232K, 22% used [0x0000000081400000,0x00000000836b74c0,0x000000008af80000)
 Metaspace       used 66129K, capacity 69524K, committed 69760K, reserved 1110016K
  class space    used 8832K, capacity 9481K, committed 9600K, reserved 1048576K
Event: 1315.346 GC heap after
Heap after GC invocations=19 (full 5):
 PSYoungGen      total 422912K, used 0K [0x00000000d5c00000, 0x00000000f0e80000, 0x0000000100000000)
  eden space 400896K, 0% used [0x00000000d5c00000,0x00000000d5c00000,0x00000000ee380000)
  from space 22016K, 0% used [0x00000000ef900000,0x00000000ef900000,0x00000000f0e80000)
  to   space 22016K, 0% used [0x00000000ee380000,0x00000000ee380000,0x00000000ef900000)
 ParOldGen       total 159232K, used 40030K [0x0000000081400000, 0x000000008af80000, 0x00000000d5c00000)
  object space 159232K, 25% used [0x0000000081400000,0x0000000083b179d8,0x000000008af80000)
 Metaspace       used 66129K, capacity 69524K, committed 69760K, reserved 1110016K
  class space    used 8832K, capacity 9481K, committed 9600K, reserved 1048576K
}
Event: 1558.947 GC heap before
{Heap before GC invocations=20 (full 5):
 PSYoungGen      total 422912K, used 400896K [0x00000000d5c00000, 0x00000000f0e80000, 0x0000000100000000)
  eden space 400896K, 100% used [0x00000000d5c00000,0x00000000ee380000,0x00000000ee380000)
  from space 22016K, 0% used [0x00000000ef900000,0x00000000ef900000,0x00000000f0e80000)
  to   space 22016K, 0% used [0x00000000ee380000,0x00000000ee380000,0x00000000ef900000)
 ParOldGen       total 159232K, used 40030K [0x0000000081400000, 0x000000008af80000, 0x00000000d5c00000)
  object space 159232K, 25% used [0x0000000081400000,0x0000000083b179d8,0x000000008af80000)
 Metaspace       used 66340K, capacity 69914K, committed 70016K, reserved 1110016K
  class space    used 8858K, capacity 9544K, committed 9600K, reserved 1048576K
Event: 1558.987 GC heap after
Heap after GC invocations=20 (full 5):
 PSYoungGen      total 422912K, used 10025K [0x00000000d5c00000, 0x00000000f4000000, 0x0000000100000000)
  eden space 400896K, 0% used [0x00000000d5c00000,0x00000000d5c00000,0x00000000ee380000)
  from space 22016K, 45% used [0x00000000ee380000,0x00000000eed4a5a0,0x00000000ef900000)
  to   space 21504K, 0% used [0x00000000f2b00000,0x00000000f2b00000,0x00000000f4000000)
 ParOldGen       total 159232K, used 40038K [0x0000000081400000, 0x000000008af80000, 0x00000000d5c00000)
  object space 159232K, 25% used [0x0000000081400000,0x0000000083b199d8,0x000000008af80000)
 Metaspace       used 66340K, capacity 69914K, committed 70016K, reserved 1110016K
  class space    used 8858K, capacity 9544K, committed 9600K, reserved 1048576K
}
Event: 1710.068 GC heap before
{Heap before GC invocations=21 (full 5):
 PSYoungGen      total 422912K, used 91829K [0x00000000d5c00000, 0x00000000f4000000, 0x0000000100000000)
  eden space 400896K, 20% used [0x00000000d5c00000,0x00000000dabe3128,0x00000000ee380000)
  from space 22016K, 45% used [0x00000000ee380000,0x00000000eed4a5a0,0x00000000ef900000)
  to   space 21504K, 0% used [0x00000000f2b00000,0x00000000f2b00000,0x00000000f4000000)
 ParOldGen       total 159232K, used 40038K [0x0000000081400000, 0x000000008af80000, 0x00000000d5c00000)
  object space 159232K, 25% used [0x0000000081400000,0x0000000083b199d8,0x000000008af80000)
 Metaspace       used 66344K, capacity 69926K, committed 70016K, reserved 1110016K
  class space    used 8859K, capacity 9547K, committed 9600K, reserved 1048576K
Event: 1710.466 GC heap after
Heap after GC invocations=21 (full 5):
 PSYoungGen      total 474112K, used 5618K [0x00000000d5c00000, 0x00000000f4000000, 0x0000000100000000)
  eden space 452608K, 0% used [0x00000000d5c00000,0x00000000d5c00000,0x00000000f1600000)
  from space 21504K, 26% used [0x00000000f2b00000,0x00000000f307cb08,0x00000000f4000000)
  to   space 21504K, 0% used [0x00000000f1600000,0x00000000f1600000,0x00000000f2b00000)
 ParOldGen       total 159232K, used 40046K [0x0000000081400000, 0x000000008af80000, 0x00000000d5c00000)
  object space 159232K, 25% used [0x0000000081400000,0x0000000083b1b9d8,0x000000008af80000)
 Metaspace       used 66344K, capacity 69926K, committed 70016K, reserved 1110016K
  class space    used 8859K, capacity 9547K, committed 9600K, reserved 1048576K
}
Event: 1710.466 GC heap before
{Heap before GC invocations=22 (full 6):
 PSYoungGen      total 474112K, used 5618K [0x00000000d5c00000, 0x00000000f4000000, 0x0000000100000000)
  eden space 452608K, 0% used [0x00000000d5c00000,0x00000000d5c00000,0x00000000f1600000)
  from space 21504K, 26% used [0x00000000f2b00000,0x00000000f307cb08,0x00000000f4000000)
  to   space 21504K, 0% used [0x00000000f1600000,0x00000000f1600000,0x00000000f2b00000)
 ParOldGen       total 159232K, used 40046K [0x0000000081400000, 0x000000008af80000, 0x00000000d5c00000)
  object space 159232K, 25% used [0x0000000081400000,0x0000000083b1b9d8,0x000000008af80000)
 Metaspace       used 66344K, capacity 69926K, committed 70016K, reserved 1110016K
  class space    used 8859K, capacity 9547K, committed 9600K, reserved 1048576K
Event: 1711.294 GC heap after
Heap after GC invocations=22 (full 6):
 PSYoungGen      total 474112K, used 0K [0x00000000d5c00000, 0x00000000f4000000, 0x0000000100000000)
  eden space 452608K, 0% used [0x00000000d5c00000,0x00000000d5c00000,0x00000000f1600000)
  from space 21504K, 0% used [0x00000000f2b00000,0x00000000f2b00000,0x00000000f4000000)
  to   space 21504K, 0% used [0x00000000f1600000,0x00000000f1600000,0x00000000f2b00000)
 ParOldGen       total 159232K, used 44388K [0x0000000081400000, 0x000000008af80000, 0x00000000d5c00000)
  object space 159232K, 27% used [0x0000000081400000,0x0000000083f59268,0x000000008af80000)
 Metaspace       used 66344K, capacity 69926K, committed 70016K, reserved 1110016K
  class space    used 8859K, capacity 9547K, committed 9600K, reserved 1048576K
}
Event: 1744.176 GC heap before
{Heap before GC invocations=23 (full 6):
 PSYoungGen      total 474112K, used 452608K [0x00000000d5c00000, 0x00000000f4000000, 0x0000000100000000)
  eden space 452608K, 100% used [0x00000000d5c00000,0x00000000f1600000,0x00000000f1600000)
  from space 21504K, 0% used [0x00000000f2b00000,0x00000000f2b00000,0x00000000f4000000)
  to   space 21504K, 0% used [0x00000000f1600000,0x00000000f1600000,0x00000000f2b00000)
 ParOldGen       total 159232K, used 44388K [0x0000000081400000, 0x000000008af80000, 0x00000000d5c00000)
  object space 159232K, 27% used [0x0000000081400000,0x0000000083f59268,0x000000008af80000)
 Metaspace       used 66672K, capacity 70318K, committed 70656K, reserved 1110016K
  class space    used 8905K, capacity 9616K, committed 9728K, reserved 1048576K
Event: 1744.244 GC heap after
Heap after GC invocations=23 (full 6):
 PSYoungGen      total 474112K, used 17979K [0x00000000d5c00000, 0x00000000f7300000, 0x0000000100000000)
  eden space 452608K, 0% used [0x00000000d5c00000,0x00000000d5c00000,0x00000000f1600000)
  from space 21504K, 83% used [0x00000000f1600000,0x00000000f278ee48,0x00000000f2b00000)
  to   space 23040K, 0% used [0x00000000f5c80000,0x00000000f5c80000,0x00000000f7300000)
 ParOldGen       total 159232K, used 44396K [0x0000000081400000, 0x000000008af80000, 0x00000000d5c00000)
  object space 159232K, 27% used [0x0000000081400000,0x0000000083f5b268,0x000000008af80000)
 Metaspace       used 66672K, capacity 70318K, committed 70656K, reserved 1110016K
  class space    used 8905K, capacity 9616K, committed 9728K, reserved 1048576K
}

